c:\users\administrator\downloads\compressed\8.1\8-ball-pool-auto-balls-pot-source-main\8-ball-pool-auto-balls-pot-source-main\src\release\vc143.pdb
c:\users\administrator\downloads\compressed\8.1\8-ball-pool-auto-balls-pot-source-main\8-ball-pool-auto-balls-pot-source-main\src\release\utils.obj
c:\users\administrator\downloads\compressed\8.1\8-ball-pool-auto-balls-pot-source-main\8-ball-pool-auto-balls-pot-source-main\src\release\tableinfo.obj
c:\users\administrator\downloads\compressed\8.1\8-ball-pool-auto-balls-pot-source-main\8-ball-pool-auto-balls-pot-source-main\src\release\prediction.obj
c:\users\administrator\downloads\compressed\8.1\8-ball-pool-auto-balls-pot-source-main\8-ball-pool-auto-balls-pot-source-main\src\release\menu.obj
c:\users\administrator\downloads\compressed\8.1\8-ball-pool-auto-balls-pot-source-main\8-ball-pool-auto-balls-pot-source-main\src\release\genericdata.obj
c:\users\administrator\downloads\compressed\8.1\8-ball-pool-auto-balls-pot-source-main\8-ball-pool-auto-balls-pot-source-main\src\release\memory.obj
c:\users\administrator\downloads\compressed\8.1\8-ball-pool-auto-balls-pot-source-main\8-ball-pool-auto-balls-pot-source-main\src\release\gui.obj
c:\users\administrator\downloads\compressed\8.1\8-ball-pool-auto-balls-pot-source-main\8-ball-pool-auto-balls-pot-source-main\src\release\balls.obj
c:\users\administrator\downloads\compressed\8.1\8-ball-pool-auto-balls-pot-source-main\8-ball-pool-auto-balls-pot-source-main\src\release\ball.obj
c:\users\administrator\downloads\compressed\8.1\8-ball-pool-auto-balls-pot-source-main\8-ball-pool-auto-balls-pot-source-main\src\release\globalvars.obj
c:\users\administrator\downloads\compressed\8.1\8-ball-pool-auto-balls-pot-source-main\8-ball-pool-auto-balls-pot-source-main\src\release\gamemanager.obj
c:\users\administrator\downloads\compressed\8.1\8-ball-pool-auto-balls-pot-source-main\8-ball-pool-auto-balls-pot-source-main\src\release\main.obj
c:\users\administrator\downloads\compressed\8.1\8-ball-pool-auto-balls-pot-source-main\8-ball-pool-auto-balls-pot-source-main\src\release\imgui_widgets.obj
c:\users\administrator\downloads\compressed\8.1\8-ball-pool-auto-balls-pot-source-main\8-ball-pool-auto-balls-pot-source-main\src\release\imgui_tables.obj
c:\users\administrator\downloads\compressed\8.1\8-ball-pool-auto-balls-pot-source-main\8-ball-pool-auto-balls-pot-source-main\src\release\imgui_impl_win32.obj
c:\users\administrator\downloads\compressed\8.1\8-ball-pool-auto-balls-pot-source-main\8-ball-pool-auto-balls-pot-source-main\src\release\imgui_impl_dx9.obj
c:\users\administrator\downloads\compressed\8.1\8-ball-pool-auto-balls-pot-source-main\8-ball-pool-auto-balls-pot-source-main\src\release\imgui_draw.obj
c:\users\administrator\downloads\compressed\8.1\8-ball-pool-auto-balls-pot-source-main\8-ball-pool-auto-balls-pot-source-main\src\release\imgui_demo.obj
c:\users\administrator\downloads\compressed\8.1\8-ball-pool-auto-balls-pot-source-main\8-ball-pool-auto-balls-pot-source-main\src\release\imgui.obj
c:\users\administrator\downloads\compressed\8.1\8-ball-pool-auto-balls-pot-source-main\8-ball-pool-auto-balls-pot-source-main\src\release\adsmanager.obj
c:\users\administrator\downloads\compressed\8.1\8-ball-pool-auto-balls-pot-source-main\8-ball-pool-auto-balls-pot-source-main\src\release\vector.obj
c:\users\administrator\downloads\compressed\8.1\8-ball-pool-auto-balls-pot-source-main\8-ball-pool-auto-balls-pot-source-main\src\release\8 ball pool.res
c:\users\administrator\downloads\compressed\8.1\8-ball-pool-auto-balls-pot-source-main\8-ball-pool-auto-balls-pot-source-main\src\release\8 ball pool.tlog\cl.command.1.tlog
c:\users\administrator\downloads\compressed\8.1\8-ball-pool-auto-balls-pot-source-main\8-ball-pool-auto-balls-pot-source-main\src\release\8 ball pool.tlog\cl.read.1.tlog
c:\users\administrator\downloads\compressed\8.1\8-ball-pool-auto-balls-pot-source-main\8-ball-pool-auto-balls-pot-source-main\src\release\8 ball pool.tlog\cl.write.1.tlog
c:\users\administrator\downloads\compressed\8.1\8-ball-pool-auto-balls-pot-source-main\8-ball-pool-auto-balls-pot-source-main\src\release\8 ball pool.tlog\link.command.1.tlog
c:\users\administrator\downloads\compressed\8.1\8-ball-pool-auto-balls-pot-source-main\8-ball-pool-auto-balls-pot-source-main\src\release\8 ball pool.tlog\link.read.1.tlog
c:\users\administrator\downloads\compressed\8.1\8-ball-pool-auto-balls-pot-source-main\8-ball-pool-auto-balls-pot-source-main\src\release\8 ball pool.tlog\link.write.1.tlog
c:\users\administrator\downloads\compressed\8.1\8-ball-pool-auto-balls-pot-source-main\8-ball-pool-auto-balls-pot-source-main\src\release\8 ball pool.tlog\rc.command.1.tlog
c:\users\administrator\downloads\compressed\8.1\8-ball-pool-auto-balls-pot-source-main\8-ball-pool-auto-balls-pot-source-main\src\release\8 ball pool.tlog\rc.read.1.tlog
c:\users\administrator\downloads\compressed\8.1\8-ball-pool-auto-balls-pot-source-main\8-ball-pool-auto-balls-pot-source-main\src\release\8 ball pool.tlog\rc.write.1.tlog
